$ docker build -t ldp-tee-oracle:icde-ldp-nitro-scale-20260606040525 .
#0 building with "default" instance using docker driver

#1 [internal] load build definition from Dockerfile
#1 transferring dockerfile: 830B done
#1 DONE 0.0s

#2 [internal] load metadata for docker.io/library/python:3.12-slim
#2 DONE 0.1s

#3 [internal] load metadata for docker.io/library/rust:1.92-slim
#3 DONE 0.1s

#4 [internal] load .dockerignore
#4 transferring context: 2B done
#4 DONE 0.0s

#5 [rust-builder 1/6] FROM docker.io/library/rust:1.92-slim@sha256:bf3368a992915f128293ac76917ab6e561e4dda883273c8f5c9f6f8ea37a378e
#5 DONE 0.0s

#6 [stage-1 1/4] FROM docker.io/library/python:3.12-slim@sha256:090ba77e2958f6af52a5341f788b50b032dd4ca28377d2893dcf1ecbdfdfe203
#6 DONE 0.0s

#7 [internal] load build context
#7 transferring context: 334B done
#7 DONE 0.0s

#8 [stage-1 3/4] COPY enclave_oracle.py /app/enclave_oracle.py
#8 CACHED

#9 [stage-1 2/4] WORKDIR /app
#9 CACHED

#10 [rust-builder 5/6] COPY src/get_attestation_doc.rs /build/src/get_attestation_doc.rs
#10 CACHED

#11 [rust-builder 6/6] RUN rustup target install x86_64-unknown-linux-musl     && cargo build --release --target=x86_64-unknown-linux-musl --bin get_attestation_doc
#11 CACHED

#12 [rust-builder 3/6] WORKDIR /build
#12 CACHED

#13 [rust-builder 4/6] COPY Cargo.toml /build/Cargo.toml
#13 CACHED

#14 [rust-builder 2/6] RUN apt-get update && apt-get install -y --no-install-recommends     ca-certificates git musl-tools pkg-config     && rm -rf /var/lib/apt/lists/*
#14 CACHED

#15 [stage-1 4/4] COPY --from=rust-builder /build/target/x86_64-unknown-linux-musl/release/get_attestation_doc /app/get_attestation_doc
#15 CACHED

#16 exporting to image
#16 exporting layers done
#16 writing image sha256:ffc552f024f922d0cb4f5411c14d18fb40128661c7b29736146aacc37e7eb0dc done
#16 naming to docker.io/library/ldp-tee-oracle:icde-ldp-nitro-scale-20260606040525 done
#16 DONE 0.0s
[exit 0]
